============2025-11-21 02:18:44============
"url": "/auth/register"
"requestData": null
"responseData": null
"level": "warning"
"time": "2025-11-21 02:18:44"
"code": "400"
"duration": "1 ms"
"ip": "::1"
"method": "POST"
===========================================
============2025-11-21 02:18:44============
"url": "/auth/register"
"requestData": null
"responseData": null
"level": "warning"
"time": "2025-11-21 02:18:44"
"code": "400"
"duration": "0 ms"
"ip": "::1"
"method": "POST"
===========================================
